<?xml version="1.0" encoding="UTF-8"?>
<testng-results ignored="0" total="1" passed="1" failed="0" skipped="0">
  <reporter-output>
  </reporter-output>
  <suite started-at="2022-08-27T15:31:06Z" name="Default suite" finished-at="2022-08-27T15:31:08Z" duration-ms="1909">
    <groups>
    </groups>
    <test started-at="2022-08-27T15:31:06Z" name="Default test" finished-at="2022-08-27T15:31:08Z" duration-ms="1909">
      <class name="prueba.NewTest">
        <test-method signature="f()[pri:0, instance:prueba.NewTest@609db546]" started-at="2022-08-27T10:31:06Z" name="f" finished-at="2022-08-27T10:31:08Z" duration-ms="1898" status="PASS">
          <reporter-output>
          </reporter-output>
        </test-method> <!-- f -->
      </class> <!-- prueba.NewTest -->
    </test> <!-- Default test -->
  </suite> <!-- Default suite -->
</testng-results>
